This is XeTeX, Version 3.141592653-2.6-0.999995 (TeX Live 2023) (preloaded format=xelatex 2023.9.24)  23 MAR 2024 02:46
entering extended mode
 restricted \write18 enabled.
 file:line:error style messages enabled.
 %&-line parsing enabled.
**main
(./main.tex
LaTeX2e <2022-11-01> patch level 1
L3 programming layer <2023-02-22> (d:/Program Files/texlive/2023/texmf-dist/tex/latex/base/article.cls
Document Class: article 2022/07/02 v1.4n Standard LaTeX document class
(d:/Program Files/texlive/2023/texmf-dist/tex/latex/base/size10.clo
File: size10.clo 2022/07/02 v1.4n Standard LaTeX file (size option)
)
\c@part=\count181
\c@section=\count182
\c@subsection=\count183
\c@subsubsection=\count184
\c@paragraph=\count185
\c@subparagraph=\count186
\c@figure=\count187
\c@table=\count188
\abovecaptionskip=\skip48
\belowcaptionskip=\skip49
\bibindent=\dimen140
) (d:/Program Files/texlive/2023/texmf-dist/tex/xelatex/xecjk/xeCJKfntef.sty (d:/Program Files/texlive/2023/texmf-dist/tex/latex/l3kernel/expl3.sty
Package: expl3 2023-02-22 L3 programming layer (loader) 
 (d:/Program Files/texlive/2023/texmf-dist/tex/latex/l3backend/l3backend-xetex.def
File: l3backend-xetex.def 2023-01-16 L3 backend support: XeTeX
\g__graphics_track_int=\count189
\l__pdf_internal_box=\box51
\g__pdf_backend_object_int=\count190
\g__pdf_backend_annotation_int=\count191
\g__pdf_backend_link_int=\count192
))
Package: xeCJKfntef 2022/08/05 v3.9.1 xeCJK font effect
 (d:/Program Files/texlive/2023/texmf-dist/tex/xelatex/xecjk/xeCJK.sty
Package: xeCJK 2022/08/05 v3.9.1 Typesetting CJK scripts with XeLaTeX
 (d:/Program Files/texlive/2023/texmf-dist/tex/latex/ctex/ctexhook.sty
Package: ctexhook 2022/07/14 v2.5.10 Document and package hooks (CTEX)
) (d:/Program Files/texlive/2023/texmf-dist/tex/latex/l3packages/xtemplate/xtemplate.sty
Package: xtemplate 2023-02-02 L3 Experimental prototype document functions
\l__xtemplate_tmp_dim=\dimen141
\l__xtemplate_tmp_int=\count193
\l__xtemplate_tmp_muskip=\muskip16
\l__xtemplate_tmp_skip=\skip50
)
\l__xeCJK_tmp_int=\count194
\l__xeCJK_tmp_box=\box52
\l__xeCJK_tmp_dim=\dimen142
\l__xeCJK_tmp_skip=\skip51
\g__xeCJK_space_factor_int=\count195
\l__xeCJK_begin_int=\count196
\l__xeCJK_end_int=\count197
\c__xeCJK_CJK_class_int=\XeTeXcharclass1
\c__xeCJK_FullLeft_class_int=\XeTeXcharclass2
\c__xeCJK_FullRight_class_int=\XeTeXcharclass3
\c__xeCJK_HalfLeft_class_int=\XeTeXcharclass4
\c__xeCJK_HalfRight_class_int=\XeTeXcharclass5
\c__xeCJK_NormalSpace_class_int=\XeTeXcharclass6
\c__xeCJK_CM_class_int=\XeTeXcharclass7
\c__xeCJK_HangulJamo_class_int=\XeTeXcharclass8
\l__xeCJK_last_skip=\skip52
\c__xeCJK_none_node=\count198
\g__xeCJK_node_int=\count199
\c__xeCJK_CJK_node_dim=\dimen143
\c__xeCJK_CJK-space_node_dim=\dimen144
\c__xeCJK_default_node_dim=\dimen145
\c__xeCJK_CJK-widow_node_dim=\dimen146
\c__xeCJK_normalspace_node_dim=\dimen147
\c__xeCJK_default-space_node_skip=\skip53
\l__xeCJK_ccglue_skip=\skip54
\l__xeCJK_ecglue_skip=\skip55
\l__xeCJK_punct_kern_skip=\skip56
\l__xeCJK_indent_box=\box53
\l__xeCJK_last_penalty_int=\count266
\l__xeCJK_last_bound_dim=\dimen148
\l__xeCJK_last_kern_dim=\dimen149
\l__xeCJK_widow_penalty_int=\count267

Package xtemplate Info: Declaring object type 'xeCJK/punctuation' taking 0
(xtemplate)             argument(s) on line 2396.

\l__xeCJK_fixed_punct_width_dim=\dimen150
\l__xeCJK_mixed_punct_width_dim=\dimen151
\l__xeCJK_middle_punct_width_dim=\dimen152
\l__xeCJK_fixed_margin_width_dim=\dimen153
\l__xeCJK_mixed_margin_width_dim=\dimen154
\l__xeCJK_middle_margin_width_dim=\dimen155
\l__xeCJK_bound_punct_width_dim=\dimen156
\l__xeCJK_bound_margin_width_dim=\dimen157
\l__xeCJK_margin_minimum_dim=\dimen158
\l__xeCJK_kerning_total_width_dim=\dimen159
\l__xeCJK_same_align_margin_dim=\dimen160
\l__xeCJK_different_align_margin_dim=\dimen161
\l__xeCJK_kerning_margin_width_dim=\dimen162
\l__xeCJK_kerning_margin_minimum_dim=\dimen163
\l__xeCJK_bound_dim=\dimen164
\l__xeCJK_reverse_bound_dim=\dimen165
\l__xeCJK_margin_dim=\dimen166
\l__xeCJK_minimum_bound_dim=\dimen167
\l__xeCJK_kerning_margin_dim=\dimen168
\g__xeCJK_family_int=\count268
\l__xeCJK_fam_int=\count269
\g__xeCJK_fam_allocation_int=\count270
\l__xeCJK_verb_case_int=\count271
\l__xeCJK_verb_exspace_skip=\skip57
 (d:/Program Files/texlive/2023/texmf-dist/tex/latex/fontspec/fontspec.sty (d:/Program Files/texlive/2023/texmf-dist/tex/latex/l3packages/xparse/xparse.sty
Package: xparse 2023-02-02 L3 Experimental document command parser
)
Package: fontspec 2022/01/15 v2.8a Font selection for XeLaTeX and LuaLaTeX
 (d:/Program Files/texlive/2023/texmf-dist/tex/latex/fontspec/fontspec-xetex.sty
Package: fontspec-xetex 2022/01/15 v2.8a Font selection for XeLaTeX and LuaLaTeX
\l__fontspec_script_int=\count272
\l__fontspec_language_int=\count273
\l__fontspec_strnum_int=\count274
\l__fontspec_tmp_int=\count275
\l__fontspec_tmpa_int=\count276
\l__fontspec_tmpb_int=\count277
\l__fontspec_tmpc_int=\count278
\l__fontspec_em_int=\count279
\l__fontspec_emdef_int=\count280
\l__fontspec_strong_int=\count281
\l__fontspec_strongdef_int=\count282
\l__fontspec_tmpa_dim=\dimen169
\l__fontspec_tmpb_dim=\dimen170
\l__fontspec_tmpc_dim=\dimen171
 (d:/Program Files/texlive/2023/texmf-dist/tex/latex/base/fontenc.sty
Package: fontenc 2021/04/29 v2.0v Standard LaTeX package
) (d:/Program Files/texlive/2023/texmf-dist/tex/latex/fontspec/fontspec.cfg))) (d:/Program Files/texlive/2023/texmf-dist/tex/xelatex/xecjk/xeCJK.cfg
File: xeCJK.cfg 2022/08/05 v3.9.1 Configuration file for xeCJK package
)) (d:/Program Files/texlive/2023/texmf-dist/tex/generic/ulem/ulem.sty
\UL@box=\box54
\UL@hyphenbox=\box55
\UL@skip=\skip58
\UL@hook=\toks16
\UL@height=\dimen172
\UL@pe=\count283
\UL@pixel=\dimen173
\ULC@box=\box56
Package: ulem 2019/11/18
\ULdepth=\dimen174
)
\l__xeCJK_space_skip=\skip59
\c__xeCJK_ulem-begin_node_dim=\dimen175
\l__xeCJK_hidden_box=\box57
\l__xeCJK_fntef_box=\box58
\l__xeCJK_under_symbol_box=\box59
\c__xeCJK_filll_skip=\skip60
) (d:/Program Files/texlive/2023/texmf-dist/tex/latex/geometry/geometry.sty
Package: geometry 2020/01/02 v5.9 Page Geometry
 (d:/Program Files/texlive/2023/texmf-dist/tex/latex/graphics/keyval.sty
Package: keyval 2022/05/29 v1.15 key=value parser (DPC)
\KV@toks@=\toks17
) (d:/Program Files/texlive/2023/texmf-dist/tex/generic/iftex/ifvtex.sty
Package: ifvtex 2019/10/25 v1.7 ifvtex legacy package. Use iftex instead.
 (d:/Program Files/texlive/2023/texmf-dist/tex/generic/iftex/iftex.sty
Package: iftex 2022/02/03 v1.0f TeX engine tests
))
\Gm@cnth=\count284
\Gm@cntv=\count285
\c@Gm@tempcnt=\count286
\Gm@bindingoffset=\dimen176
\Gm@wd@mp=\dimen177
\Gm@odd@mp=\dimen178
\Gm@even@mp=\dimen179
\Gm@layoutwidth=\dimen180
\Gm@layoutheight=\dimen181
\Gm@layouthoffset=\dimen182
\Gm@layoutvoffset=\dimen183
\Gm@dimlist=\toks18
) (d:/Program Files/texlive/2023/texmf-dist/tex/latex/unicode-math/unicode-math.sty
Package: unicode-math 2020/01/31 v0.8q Unicode maths in XeLaTeX and LuaLaTeX
 (d:/Program Files/texlive/2023/texmf-dist/tex/latex/unicode-math/unicode-math-xetex.sty
Package: unicode-math-xetex 2020/01/31 v0.8q Unicode maths in XeLaTeX and LuaLaTeX
 (d:/Program Files/texlive/2023/texmf-dist/tex/latex/l3packages/l3keys2e/l3keys2e.sty
Package: l3keys2e 2023-02-02 LaTeX2e option processing using LaTeX3 keys
) (d:/Program Files/texlive/2023/texmf-dist/tex/latex/base/fix-cm.sty
Package: fix-cm 2020/11/24 v1.1t fixes to LaTeX
 (d:/Program Files/texlive/2023/texmf-dist/tex/latex/base/ts1enc.def
File: ts1enc.def 2001/06/05 v3.0e (jk/car/fm) Standard LaTeX file
LaTeX Font Info:    Redeclaring font encoding TS1 on input line 47.
)) (d:/Program Files/texlive/2023/texmf-dist/tex/latex/amsmath/amsmath.sty
Package: amsmath 2022/04/08 v2.17n AMS math features
\@mathmargin=\skip61

For additional information on amsmath, use the `?' option.
(d:/Program Files/texlive/2023/texmf-dist/tex/latex/amsmath/amstext.sty
Package: amstext 2021/08/26 v2.01 AMS text
 (d:/Program Files/texlive/2023/texmf-dist/tex/latex/amsmath/amsgen.sty
File: amsgen.sty 1999/11/30 v2.0 generic functions
\@emptytoks=\toks19
\ex@=\dimen184
)) (d:/Program Files/texlive/2023/texmf-dist/tex/latex/amsmath/amsbsy.sty
Package: amsbsy 1999/11/29 v1.2d Bold Symbols
\pmbraise@=\dimen185
) (d:/Program Files/texlive/2023/texmf-dist/tex/latex/amsmath/amsopn.sty
Package: amsopn 2022/04/08 v2.04 operator names
)
\inf@bad=\count287
LaTeX Info: Redefining \frac on input line 234.
\uproot@=\count288
\leftroot@=\count289
LaTeX Info: Redefining \overline on input line 399.
LaTeX Info: Redefining \colon on input line 410.
\classnum@=\count290
\DOTSCASE@=\count291
LaTeX Info: Redefining \ldots on input line 496.
LaTeX Info: Redefining \dots on input line 499.
LaTeX Info: Redefining \cdots on input line 620.
\Mathstrutbox@=\box60
\strutbox@=\box61
LaTeX Info: Redefining \big on input line 722.
LaTeX Info: Redefining \Big on input line 723.
LaTeX Info: Redefining \bigg on input line 724.
LaTeX Info: Redefining \Bigg on input line 725.
\big@size=\dimen186
LaTeX Font Info:    Redeclaring font encoding OML on input line 743.
LaTeX Font Info:    Redeclaring font encoding OMS on input line 744.
\macc@depth=\count292
LaTeX Info: Redefining \bmod on input line 905.
LaTeX Info: Redefining \pmod on input line 910.
LaTeX Info: Redefining \smash on input line 940.
LaTeX Info: Redefining \relbar on input line 970.
LaTeX Info: Redefining \Relbar on input line 971.
\c@MaxMatrixCols=\count293
\dotsspace@=\muskip17
\c@parentequation=\count294
\dspbrk@lvl=\count295
\tag@help=\toks20
\row@=\count296
\column@=\count297
\maxfields@=\count298
\andhelp@=\toks21
\eqnshift@=\dimen187
\alignsep@=\dimen188
\tagshift@=\dimen189
\tagwidth@=\dimen190
\totwidth@=\dimen191
\lineht@=\dimen192
\@envbody=\toks22
\multlinegap=\skip62
\multlinetaggap=\skip63
\mathdisplay@stack=\toks23
LaTeX Info: Redefining \[ on input line 2953.
LaTeX Info: Redefining \] on input line 2954.
)
\g__um_fam_int=\count299
\g__um_fonts_used_int=\count300
\l__um_primecount_int=\count301
\g__um_primekern_muskip=\muskip18
 (d:/Program Files/texlive/2023/texmf-dist/tex/latex/unicode-math/unicode-math-table.tex))) (d:/Program Files/texlive/2023/texmf-dist/tex/latex/cancel/cancel.sty
Package: cancel 2013/04/12 v2.2 Cancel math terms
) (d:/Program Files/texlive/2023/texmf-dist/tex/latex/fixdif/fixdif.sty
Package: fixdif 2023/02/21 Interface for defining differential operators.
) (d:/Program Files/texlive/2023/texmf-dist/tex/latex/tikz-cd/tikz-cd.sty
Package: tikz-cd 2021/05/04 v1.0 Commutative diagrams with TikZ
 (d:/Program Files/texlive/2023/texmf-dist/tex/latex/pgf/frontendlayer/tikz.sty (d:/Program Files/texlive/2023/texmf-dist/tex/latex/pgf/basiclayer/pgf.sty (d:/Program Files/texlive/2023/texmf-dist/tex/latex/pgf/utilities/pgfrcs.sty (d:/Program Files/texlive/2023/texmf-dist/tex/generic/pgf/utilities/pgfutil-common.tex
\pgfutil@everybye=\toks24
\pgfutil@tempdima=\dimen193
\pgfutil@tempdimb=\dimen194
) (d:/Program Files/texlive/2023/texmf-dist/tex/generic/pgf/utilities/pgfutil-latex.def
\pgfutil@abb=\box62
) (d:/Program Files/texlive/2023/texmf-dist/tex/generic/pgf/utilities/pgfrcs.code.tex (d:/Program Files/texlive/2023/texmf-dist/tex/generic/pgf/pgf.revision.tex)
Package: pgfrcs 2023-01-15 v3.1.10 (3.1.10)
))
Package: pgf 2023-01-15 v3.1.10 (3.1.10)
 (d:/Program Files/texlive/2023/texmf-dist/tex/latex/pgf/basiclayer/pgfcore.sty (d:/Program Files/texlive/2023/texmf-dist/tex/latex/graphics/graphicx.sty
Package: graphicx 2021/09/16 v1.2d Enhanced LaTeX Graphics (DPC,SPQR)
 (d:/Program Files/texlive/2023/texmf-dist/tex/latex/graphics/graphics.sty
Package: graphics 2022/03/10 v1.4e Standard LaTeX Graphics (DPC,SPQR)
 (d:/Program Files/texlive/2023/texmf-dist/tex/latex/graphics/trig.sty
Package: trig 2021/08/11 v1.11 sin cos tan (DPC)
) (d:/Program Files/texlive/2023/texmf-dist/tex/latex/graphics-cfg/graphics.cfg
File: graphics.cfg 2016/06/04 v1.11 sample graphics configuration
)
Package graphics Info: Driver file: xetex.def on input line 107.
 (d:/Program Files/texlive/2023/texmf-dist/tex/latex/graphics-def/xetex.def
File: xetex.def 2022/09/22 v5.0n Graphics/color driver for xetex
))
\Gin@req@height=\dimen195
\Gin@req@width=\dimen196
) (d:/Program Files/texlive/2023/texmf-dist/tex/latex/pgf/systemlayer/pgfsys.sty (d:/Program Files/texlive/2023/texmf-dist/tex/generic/pgf/systemlayer/pgfsys.code.tex
Package: pgfsys 2023-01-15 v3.1.10 (3.1.10)
 (d:/Program Files/texlive/2023/texmf-dist/tex/generic/pgf/utilities/pgfkeys.code.tex
\pgfkeys@pathtoks=\toks25
\pgfkeys@temptoks=\toks26
 (d:/Program Files/texlive/2023/texmf-dist/tex/generic/pgf/utilities/pgfkeyslibraryfiltered.code.tex
\pgfkeys@tmptoks=\toks27
))
\pgf@x=\dimen197
\pgf@y=\dimen198
\pgf@xa=\dimen199
\pgf@ya=\dimen256
\pgf@xb=\dimen257
\pgf@yb=\dimen258
\pgf@xc=\dimen259
\pgf@yc=\dimen260
\pgf@xd=\dimen261
\pgf@yd=\dimen262
\w@pgf@writea=\write3
\r@pgf@reada=\read2
\c@pgf@counta=\count302
\c@pgf@countb=\count303
\c@pgf@countc=\count304
\c@pgf@countd=\count305
\t@pgf@toka=\toks28
\t@pgf@tokb=\toks29
\t@pgf@tokc=\toks30
\pgf@sys@id@count=\count306
 (d:/Program Files/texlive/2023/texmf-dist/tex/generic/pgf/systemlayer/pgf.cfg
File: pgf.cfg 2023-01-15 v3.1.10 (3.1.10)
)
Driver file for pgf: pgfsys-xetex.def
 (d:/Program Files/texlive/2023/texmf-dist/tex/generic/pgf/systemlayer/pgfsys-xetex.def
File: pgfsys-xetex.def 2023-01-15 v3.1.10 (3.1.10)
 (d:/Program Files/texlive/2023/texmf-dist/tex/generic/pgf/systemlayer/pgfsys-dvipdfmx.def
File: pgfsys-dvipdfmx.def 2023-01-15 v3.1.10 (3.1.10)
 (d:/Program Files/texlive/2023/texmf-dist/tex/generic/pgf/systemlayer/pgfsys-common-pdf.def
File: pgfsys-common-pdf.def 2023-01-15 v3.1.10 (3.1.10)
)
\pgfsys@objnum=\count307
))) (d:/Program Files/texlive/2023/texmf-dist/tex/generic/pgf/systemlayer/pgfsyssoftpath.code.tex
File: pgfsyssoftpath.code.tex 2023-01-15 v3.1.10 (3.1.10)
\pgfsyssoftpath@smallbuffer@items=\count308
\pgfsyssoftpath@bigbuffer@items=\count309
) (d:/Program Files/texlive/2023/texmf-dist/tex/generic/pgf/systemlayer/pgfsysprotocol.code.tex
File: pgfsysprotocol.code.tex 2023-01-15 v3.1.10 (3.1.10)
)) (d:/Program Files/texlive/2023/texmf-dist/tex/latex/xcolor/xcolor.sty
Package: xcolor 2022/06/12 v2.14 LaTeX color extensions (UK)
 (d:/Program Files/texlive/2023/texmf-dist/tex/latex/graphics-cfg/color.cfg
File: color.cfg 2016/01/02 v1.6 sample color configuration
)
Package xcolor Info: Driver file: xetex.def on input line 227.
 (d:/Program Files/texlive/2023/texmf-dist/tex/latex/graphics/mathcolor.ltx)
Package xcolor Info: Model `cmy' substituted by `cmy0' on input line 1353.
Package xcolor Info: Model `RGB' extended on input line 1369.
Package xcolor Info: Model `HTML' substituted by `rgb' on input line 1371.
Package xcolor Info: Model `Hsb' substituted by `hsb' on input line 1372.
Package xcolor Info: Model `tHsb' substituted by `hsb' on input line 1373.
Package xcolor Info: Model `HSB' substituted by `hsb' on input line 1374.
Package xcolor Info: Model `Gray' substituted by `gray' on input line 1375.
Package xcolor Info: Model `wave' substituted by `hsb' on input line 1376.
) (d:/Program Files/texlive/2023/texmf-dist/tex/generic/pgf/basiclayer/pgfcore.code.tex
Package: pgfcore 2023-01-15 v3.1.10 (3.1.10)
 (d:/Program Files/texlive/2023/texmf-dist/tex/generic/pgf/math/pgfmath.code.tex (d:/Program Files/texlive/2023/texmf-dist/tex/generic/pgf/math/pgfmathutil.code.tex) (d:/Program Files/texlive/2023/texmf-dist/tex/generic/pgf/math/pgfmathparser.code.tex
\pgfmath@dimen=\dimen263
\pgfmath@count=\count310
\pgfmath@box=\box63
\pgfmath@toks=\toks31
\pgfmath@stack@operand=\toks32
\pgfmath@stack@operation=\toks33
) (d:/Program Files/texlive/2023/texmf-dist/tex/generic/pgf/math/pgfmathfunctions.code.tex) (d:/Program Files/texlive/2023/texmf-dist/tex/generic/pgf/math/pgfmathfunctions.basic.code.tex) (d:/Program Files/texlive/2023/texmf-dist/tex/generic/pgf/math/pgfmathfunctions.trigonometric.code.tex) (d:/Program Files/texlive/2023/texmf-dist/tex/generic/pgf/math/pgfmathfunctions.random.code.tex) (d:/Program Files/texlive/2023/texmf-dist/tex/generic/pgf/math/pgfmathfunctions.comparison.code.tex) (d:/Program Files/texlive/2023/texmf-dist/tex/generic/pgf/math/pgfmathfunctions.base.code.tex) (d:/Program Files/texlive/2023/texmf-dist/tex/generic/pgf/math/pgfmathfunctions.round.code.tex) (d:/Program Files/texlive/2023/texmf-dist/tex/generic/pgf/math/pgfmathfunctions.misc.code.tex) (d:/Program Files/texlive/2023/texmf-dist/tex/generic/pgf/math/pgfmathfunctions.integerarithmetics.code.tex) (d:/Program Files/texlive/2023/texmf-dist/tex/generic/pgf/math/pgfmathcalc.code.tex) (d:/Program Files/texlive/2023/texmf-dist/tex/generic/pgf/math/pgfmathfloat.code.tex
\c@pgfmathroundto@lastzeros=\count311
)) (d:/Program Files/texlive/2023/texmf-dist/tex/generic/pgf/math/pgfint.code.tex) (d:/Program Files/texlive/2023/texmf-dist/tex/generic/pgf/basiclayer/pgfcorepoints.code.tex
File: pgfcorepoints.code.tex 2023-01-15 v3.1.10 (3.1.10)
\pgf@picminx=\dimen264
\pgf@picmaxx=\dimen265
\pgf@picminy=\dimen266
\pgf@picmaxy=\dimen267
\pgf@pathminx=\dimen268
\pgf@pathmaxx=\dimen269
\pgf@pathminy=\dimen270
\pgf@pathmaxy=\dimen271
\pgf@xx=\dimen272
\pgf@xy=\dimen273
\pgf@yx=\dimen274
\pgf@yy=\dimen275
\pgf@zx=\dimen276
\pgf@zy=\dimen277
) (d:/Program Files/texlive/2023/texmf-dist/tex/generic/pgf/basiclayer/pgfcorepathconstruct.code.tex
File: pgfcorepathconstruct.code.tex 2023-01-15 v3.1.10 (3.1.10)
\pgf@path@lastx=\dimen278
\pgf@path@lasty=\dimen279
) (d:/Program Files/texlive/2023/texmf-dist/tex/generic/pgf/basiclayer/pgfcorepathusage.code.tex
File: pgfcorepathusage.code.tex 2023-01-15 v3.1.10 (3.1.10)
\pgf@shorten@end@additional=\dimen280
\pgf@shorten@start@additional=\dimen281
) (d:/Program Files/texlive/2023/texmf-dist/tex/generic/pgf/basiclayer/pgfcorescopes.code.tex
File: pgfcorescopes.code.tex 2023-01-15 v3.1.10 (3.1.10)
\pgfpic=\box64
\pgf@hbox=\box65
\pgf@layerbox@main=\box66
\pgf@picture@serial@count=\count312
) (d:/Program Files/texlive/2023/texmf-dist/tex/generic/pgf/basiclayer/pgfcoregraphicstate.code.tex
File: pgfcoregraphicstate.code.tex 2023-01-15 v3.1.10 (3.1.10)
\pgflinewidth=\dimen282
) (d:/Program Files/texlive/2023/texmf-dist/tex/generic/pgf/basiclayer/pgfcoretransformations.code.tex
File: pgfcoretransformations.code.tex 2023-01-15 v3.1.10 (3.1.10)
\pgf@pt@x=\dimen283
\pgf@pt@y=\dimen284
\pgf@pt@temp=\dimen285
) (d:/Program Files/texlive/2023/texmf-dist/tex/generic/pgf/basiclayer/pgfcorequick.code.tex
File: pgfcorequick.code.tex 2023-01-15 v3.1.10 (3.1.10)
) (d:/Program Files/texlive/2023/texmf-dist/tex/generic/pgf/basiclayer/pgfcoreobjects.code.tex
File: pgfcoreobjects.code.tex 2023-01-15 v3.1.10 (3.1.10)
) (d:/Program Files/texlive/2023/texmf-dist/tex/generic/pgf/basiclayer/pgfcorepathprocessing.code.tex
File: pgfcorepathprocessing.code.tex 2023-01-15 v3.1.10 (3.1.10)
) (d:/Program Files/texlive/2023/texmf-dist/tex/generic/pgf/basiclayer/pgfcorearrows.code.tex
File: pgfcorearrows.code.tex 2023-01-15 v3.1.10 (3.1.10)
\pgfarrowsep=\dimen286
) (d:/Program Files/texlive/2023/texmf-dist/tex/generic/pgf/basiclayer/pgfcoreshade.code.tex
File: pgfcoreshade.code.tex 2023-01-15 v3.1.10 (3.1.10)
\pgf@max=\dimen287
\pgf@sys@shading@range@num=\count313
\pgf@shadingcount=\count314
) (d:/Program Files/texlive/2023/texmf-dist/tex/generic/pgf/basiclayer/pgfcoreimage.code.tex
File: pgfcoreimage.code.tex 2023-01-15 v3.1.10 (3.1.10)
) (d:/Program Files/texlive/2023/texmf-dist/tex/generic/pgf/basiclayer/pgfcoreexternal.code.tex
File: pgfcoreexternal.code.tex 2023-01-15 v3.1.10 (3.1.10)
\pgfexternal@startupbox=\box67
) (d:/Program Files/texlive/2023/texmf-dist/tex/generic/pgf/basiclayer/pgfcorelayers.code.tex
File: pgfcorelayers.code.tex 2023-01-15 v3.1.10 (3.1.10)
) (d:/Program Files/texlive/2023/texmf-dist/tex/generic/pgf/basiclayer/pgfcoretransparency.code.tex
File: pgfcoretransparency.code.tex 2023-01-15 v3.1.10 (3.1.10)
) (d:/Program Files/texlive/2023/texmf-dist/tex/generic/pgf/basiclayer/pgfcorepatterns.code.tex
File: pgfcorepatterns.code.tex 2023-01-15 v3.1.10 (3.1.10)
) (d:/Program Files/texlive/2023/texmf-dist/tex/generic/pgf/basiclayer/pgfcorerdf.code.tex
File: pgfcorerdf.code.tex 2023-01-15 v3.1.10 (3.1.10)
))) (d:/Program Files/texlive/2023/texmf-dist/tex/generic/pgf/modules/pgfmoduleshapes.code.tex
File: pgfmoduleshapes.code.tex 2023-01-15 v3.1.10 (3.1.10)
\pgfnodeparttextbox=\box68
) (d:/Program Files/texlive/2023/texmf-dist/tex/generic/pgf/modules/pgfmoduleplot.code.tex
File: pgfmoduleplot.code.tex 2023-01-15 v3.1.10 (3.1.10)
) (d:/Program Files/texlive/2023/texmf-dist/tex/latex/pgf/compatibility/pgfcomp-version-0-65.sty
Package: pgfcomp-version-0-65 2023-01-15 v3.1.10 (3.1.10)
\pgf@nodesepstart=\dimen288
\pgf@nodesepend=\dimen289
) (d:/Program Files/texlive/2023/texmf-dist/tex/latex/pgf/compatibility/pgfcomp-version-1-18.sty
Package: pgfcomp-version-1-18 2023-01-15 v3.1.10 (3.1.10)
)) (d:/Program Files/texlive/2023/texmf-dist/tex/latex/pgf/utilities/pgffor.sty (d:/Program Files/texlive/2023/texmf-dist/tex/latex/pgf/utilities/pgfkeys.sty (d:/Program Files/texlive/2023/texmf-dist/tex/generic/pgf/utilities/pgfkeys.code.tex)) (d:/Program Files/texlive/2023/texmf-dist/tex/latex/pgf/math/pgfmath.sty (d:/Program Files/texlive/2023/texmf-dist/tex/generic/pgf/math/pgfmath.code.tex)) (d:/Program Files/texlive/2023/texmf-dist/tex/generic/pgf/utilities/pgffor.code.tex
Package: pgffor 2023-01-15 v3.1.10 (3.1.10)
\pgffor@iter=\dimen290
\pgffor@skip=\dimen291
\pgffor@stack=\toks34
\pgffor@toks=\toks35
)) (d:/Program Files/texlive/2023/texmf-dist/tex/generic/pgf/frontendlayer/tikz/tikz.code.tex
Package: tikz 2023-01-15 v3.1.10 (3.1.10)
 (d:/Program Files/texlive/2023/texmf-dist/tex/generic/pgf/libraries/pgflibraryplothandlers.code.tex
File: pgflibraryplothandlers.code.tex 2023-01-15 v3.1.10 (3.1.10)
\pgf@plot@mark@count=\count315
\pgfplotmarksize=\dimen292
)
\tikz@lastx=\dimen293
\tikz@lasty=\dimen294
\tikz@lastxsaved=\dimen295
\tikz@lastysaved=\dimen296
\tikz@lastmovetox=\dimen297
\tikz@lastmovetoy=\dimen298
\tikzleveldistance=\dimen299
\tikzsiblingdistance=\dimen300
\tikz@figbox=\box69
\tikz@figbox@bg=\box70
\tikz@tempbox=\box71
\tikz@tempbox@bg=\box72
\tikztreelevel=\count316
\tikznumberofchildren=\count317
\tikznumberofcurrentchild=\count318
\tikz@fig@count=\count319
 (d:/Program Files/texlive/2023/texmf-dist/tex/generic/pgf/modules/pgfmodulematrix.code.tex
File: pgfmodulematrix.code.tex 2023-01-15 v3.1.10 (3.1.10)
\pgfmatrixcurrentrow=\count320
\pgfmatrixcurrentcolumn=\count321
\pgf@matrix@numberofcolumns=\count322
)
\tikz@expandcount=\count323
 (d:/Program Files/texlive/2023/texmf-dist/tex/generic/pgf/frontendlayer/tikz/libraries/tikzlibrarytopaths.code.tex
File: tikzlibrarytopaths.code.tex 2023-01-15 v3.1.10 (3.1.10)
))) (d:/Program Files/texlive/2023/texmf-dist/tex/generic/tikz-cd/tikzlibrarycd.code.tex (d:/Program Files/texlive/2023/texmf-dist/tex/generic/pgf/frontendlayer/tikz/libraries/tikzlibrarymatrix.code.tex
File: tikzlibrarymatrix.code.tex 2023-01-15 v3.1.10 (3.1.10)
) (d:/Program Files/texlive/2023/texmf-dist/tex/generic/pgf/frontendlayer/tikz/libraries/tikzlibraryquotes.code.tex
File: tikzlibraryquotes.code.tex 2023-01-15 v3.1.10 (3.1.10)
) (d:/Program Files/texlive/2023/texmf-dist/tex/generic/pgf/libraries/pgflibraryarrows.meta.code.tex
File: pgflibraryarrows.meta.code.tex 2023-01-15 v3.1.10 (3.1.10)
\pgfarrowinset=\dimen301
\pgfarrowlength=\dimen302
\pgfarrowwidth=\dimen303
\pgfarrowlinewidth=\dimen304
))) (d:/Program Files/texlive/2023/texmf-dist/tex/latex/paracol/paracol.sty
Package: paracol 2018/12/31 v1.35 
\pcol@currcol=\count324
\pcol@nextcol=\count325
\pcol@ncol=\count326
\pcol@ncolleft=\count327
\pcol@page=\count328
\pcol@basepage=\count329
\pcol@toppage=\count330
\pcol@footnotebase=\count331
\pcol@nfootnotes=\count332
\pcol@mcid=\count333
\pcol@prevdepth=\dimen305
\pcol@colht=\dimen306
\pcol@textfloatsep=\dimen307
\pcol@lrmargin=\dimen308
\pagerim=\dimen309
\pcol@topskip=\skip64
\belowfootnoteskip=\skip65
\pcol@topfnotes=\box73
\pcol@prespan=\box74
\pcol@rightpage=\box75
\pcol@colorstack@saved=\box76
\pcol@tempboxa=\box77
\pcol@tempboxb=\box78
\pcol@colorins=\insert252
\pcol@everyvbox=\toks36
) (./font.tex

Package fontspec Info: Font family 'MinionPro(0)' created for font 'MinionPro'
(fontspec)             with options [Ligatures=TeX,Extension =
(fontspec)             .otf,Ligatures={TeX, Common},Numbers={OldStyle,
(fontspec)             Proportional},UprightFont = *-regular,ItalicFont =
(fontspec)             *-It,BoldFont = *-bold,Kerning=On,SizeFeatures = {
(fontspec)             {Size = -9, Font = *-capt}, {Size = 9-13.01, Font =
(fontspec)             *-regular}, {Size = 13.01-19.91, Font = *-subh}, {Size
(fontspec)             = 19.91-, Font = *-disp} },SlantedFeatures = {Font =
(fontspec)             *-regular, FakeSlant = .15},BoldSlantedFeatures =
(fontspec)             {*-bold, FakeSlant = .15}].
(fontspec)              
(fontspec)              This font family consists of the following NFSS
(fontspec)             series/shapes:
(fontspec)              
(fontspec)             - 'normal' (m/n) with NFSS spec.:
(fontspec)             <-9>"[MinionPro-capt.otf]/OT:script=latn;language=dflt;+liga;+onum;+pnum;+kern;mapping=tex-text;"<9-13.01>"[MinionPro-regular.otf]/OT:script=latn;language=dflt;+liga;+onum;+pnum;+kern;mapping=tex-text;"<13.01-19.91>"[MinionPro-subh.otf]/OT:script=latn;language=dflt;+liga;+onum;+pnum;+kern;mapping=tex-text;"<19.91->"[MinionPro-disp.otf]/OT:script=latn;language=dflt;+liga;+onum;+pnum;+kern;mapping=tex-text;"
(fontspec)             - 'small caps'  (m/sc) with NFSS spec.:
(fontspec)             <-9>"[MinionPro-capt.otf]/OT:script=latn;language=dflt;+liga;+onum;+pnum;+kern;+smcp;mapping=tex-text;"<9-13.01>"[MinionPro-regular.otf]/OT:script=latn;language=dflt;+liga;+onum;+pnum;+kern;+smcp;mapping=tex-text;"<13.01-19.91>"[MinionPro-subh.otf]/OT:script=latn;language=dflt;+liga;+onum;+pnum;+kern;+smcp;mapping=tex-text;"<19.91->"[MinionPro-disp.otf]/OT:script=latn;language=dflt;+liga;+onum;+pnum;+kern;+smcp;mapping=tex-text;"
(fontspec)             - 'bold' (b/n) with NFSS spec.:
(fontspec)             <->"[MinionPro-bold.otf]/OT:script=latn;language=dflt;+liga;+onum;+pnum;+kern;mapping=tex-text;"
(fontspec)             - 'bold small caps'  (b/sc) with NFSS spec.:
(fontspec)             <->"[MinionPro-bold.otf]/OT:script=latn;language=dflt;+liga;+onum;+pnum;+kern;+smcp;mapping=tex-text;"
(fontspec)             - 'italic' (m/it) with NFSS spec.:
(fontspec)             <->"[MinionPro-It.otf]/OT:script=latn;language=dflt;+liga;+onum;+pnum;+kern;mapping=tex-text;"
(fontspec)             - 'italic small caps'  (m/scit) with NFSS spec.:
(fontspec)             <->"[MinionPro-It.otf]/OT:script=latn;language=dflt;+liga;+onum;+pnum;+kern;+smcp;mapping=tex-text;"
(fontspec)             - 'slanted' (m/sl) with NFSS spec.:
(fontspec)             <->"[MinionPro-regular.otf]/OT:script=latn;language=dflt;slant=.15;+liga;+onum;+pnum;+kern;mapping=tex-text;"
(fontspec)             - 'slanted small caps'  (m/scsl) with NFSS spec.:
(fontspec)             <->"[MinionPro-regular.otf]/OT:script=latn;language=dflt;slant=.15;+liga;+onum;+pnum;+kern;+smcp;mapping=tex-text;"


Package fontspec Info: Font family 'MinionPro(1)' created for font 'MinionPro'
(fontspec)             with options [Extension = .otf,Ligatures={TeX,
(fontspec)             Common},Numbers={OldStyle, Proportional},UprightFont =
(fontspec)             *-regular,ItalicFont = *-It,BoldFont =
(fontspec)             *-bold,Kerning=On,SizeFeatures = { {Size = -9, Font =
(fontspec)             *-capt}, {Size = 9-13.01, Font = *-regular}, {Size =
(fontspec)             13.01-19.91, Font = *-subh}, {Size = 19.91-, Font =
(fontspec)             *-disp} },SlantedFeatures = {Font = *-regular,
(fontspec)             FakeSlant = .15},BoldSlantedFeatures = {*-bold,
(fontspec)             FakeSlant = .15}].
(fontspec)              
(fontspec)              This font family consists of the following NFSS
(fontspec)             series/shapes:
(fontspec)              
(fontspec)             - 'normal' (m/n) with NFSS spec.:
(fontspec)             <-9>"[MinionPro-capt.otf]/OT:script=latn;language=dflt;+liga;+onum;+pnum;+kern;mapping=tex-text;"<9-13.01>"[MinionPro-regular.otf]/OT:script=latn;language=dflt;+liga;+onum;+pnum;+kern;mapping=tex-text;"<13.01-19.91>"[MinionPro-subh.otf]/OT:script=latn;language=dflt;+liga;+onum;+pnum;+kern;mapping=tex-text;"<19.91->"[MinionPro-disp.otf]/OT:script=latn;language=dflt;+liga;+onum;+pnum;+kern;mapping=tex-text;"
(fontspec)             - 'small caps'  (m/sc) with NFSS spec.:
(fontspec)             <-9>"[MinionPro-capt.otf]/OT:script=latn;language=dflt;+liga;+onum;+pnum;+kern;+smcp;mapping=tex-text;"<9-13.01>"[MinionPro-regular.otf]/OT:script=latn;language=dflt;+liga;+onum;+pnum;+kern;+smcp;mapping=tex-text;"<13.01-19.91>"[MinionPro-subh.otf]/OT:script=latn;language=dflt;+liga;+onum;+pnum;+kern;+smcp;mapping=tex-text;"<19.91->"[MinionPro-disp.otf]/OT:script=latn;language=dflt;+liga;+onum;+pnum;+kern;+smcp;mapping=tex-text;"
(fontspec)             - 'bold' (b/n) with NFSS spec.:
(fontspec)             <->"[MinionPro-bold.otf]/OT:script=latn;language=dflt;+liga;+onum;+pnum;+kern;mapping=tex-text;"
(fontspec)             - 'bold small caps'  (b/sc) with NFSS spec.:
(fontspec)             <->"[MinionPro-bold.otf]/OT:script=latn;language=dflt;+liga;+onum;+pnum;+kern;+smcp;mapping=tex-text;"
(fontspec)             - 'italic' (m/it) with NFSS spec.:
(fontspec)             <->"[MinionPro-It.otf]/OT:script=latn;language=dflt;+liga;+onum;+pnum;+kern;mapping=tex-text;"
(fontspec)             - 'italic small caps'  (m/scit) with NFSS spec.:
(fontspec)             <->"[MinionPro-It.otf]/OT:script=latn;language=dflt;+liga;+onum;+pnum;+kern;+smcp;mapping=tex-text;"
(fontspec)             - 'slanted' (m/sl) with NFSS spec.:
(fontspec)             <->"[MinionPro-regular.otf]/OT:script=latn;language=dflt;slant=.15;+liga;+onum;+pnum;+kern;mapping=tex-text;"
(fontspec)             - 'slanted small caps'  (m/scsl) with NFSS spec.:
(fontspec)             <->"[MinionPro-regular.otf]/OT:script=latn;language=dflt;slant=.15;+liga;+onum;+pnum;+kern;+smcp;mapping=tex-text;"

LaTeX Font Info:    Overwriting math alphabet `\mathrm' in version `normal'
(Font)                  OT1/cmr/m/n --> TU/MinionPro(1)/m/n on input line 19.
LaTeX Font Info:    Overwriting math alphabet `\mathit' in version `normal'
(Font)                  OT1/cmr/m/it --> TU/MinionPro(1)/m/it on input line 19.
LaTeX Font Info:    Overwriting math alphabet `\mathbf' in version `normal'
(Font)                  OT1/cmr/bx/n --> TU/MinionPro(1)/b/n on input line 19.

Package fontspec Info: Font family 'MinionMath-Regular.otf(0)' created for
(fontspec)             font 'MinionMath-Regular.otf' with options
(fontspec)             [BoldItalicFont={},ItalicFont={},SmallCapsFont={},Script=Math,SizeFeatures={
(fontspec)             {Size = -6, Font = MinionMath-Tiny.otf, Style =
(fontspec)             MathScriptScript}, {Size = 6-8.4, Font =
(fontspec)             MinionMath-Capt.otf, Style = MathScript}, {Size =
(fontspec)             8.4-13, Font = MinionMath-Regular, Style = MathScript},
(fontspec)             {Size = 13-, Font = MinionMath-Subh.otf}, }].
(fontspec)              
(fontspec)              This font family consists of the following NFSS
(fontspec)             series/shapes:
(fontspec)              
(fontspec)             - 'normal' (m/n) with NFSS spec.:
(fontspec)             <-6>"[MinionMath-Tiny.otf]/OT:script=math;language=dflt;+ssty=1;"<6-8.4>"[MinionMath-Capt.otf]/OT:script=math;language=dflt;+ssty=0;"<8.4-13>"[MinionMath-Regular.otf]/OT:script=math;language=dflt;+ssty=0;"<13->"[MinionMath-Subh.otf]/OT:script=math;language=dflt;"
(fontspec)             - 'small caps'  (m/sc) with NFSS spec.: 


Package fontspec Info: Font family 'MinionMath-Regular.otf(1)' created for
(fontspec)             font 'MinionMath-Regular.otf' with options
(fontspec)             [BoldItalicFont={},ItalicFont={},SmallCapsFont={},Script=Math,SizeFeatures={{Size=8.6-},{Size=6.2-8.6,Font=MinionMath-Regular.otf,Style=MathScript},{Size=-6.2,Font=MinionMath-Regular.otf,Style=MathScriptScript}},SizeFeatures={
(fontspec)             {Size = -6, Font = MinionMath-Tiny.otf, Style =
(fontspec)             MathScriptScript}, {Size = 6-8.4, Font =
(fontspec)             MinionMath-Capt.otf, Style = MathScript}, {Size =
(fontspec)             8.4-13, Font = MinionMath-Regular, Style = MathScript},
(fontspec)             {Size = 13-, Font = MinionMath-Subh.otf}, }].
(fontspec)              
(fontspec)              This font family consists of the following NFSS
(fontspec)             series/shapes:
(fontspec)              
(fontspec)             - 'normal' (m/n) with NFSS spec.:
(fontspec)             <-6>"[MinionMath-Tiny.otf]/OT:script=math;language=dflt;+ssty=1;"<6-8.4>"[MinionMath-Capt.otf]/OT:script=math;language=dflt;+ssty=0;"<8.4-13>"[MinionMath-Regular.otf]/OT:script=math;language=dflt;+ssty=0;"<13->"[MinionMath-Subh.otf]/OT:script=math;language=dflt;"
(fontspec)             - 'small caps'  (m/sc) with NFSS spec.: 

LaTeX Font Info:    Encoding `OT1' has changed to `TU' for symbol font
(Font)              `operators' in the math version `normal' on input line 30.
LaTeX Font Info:    Overwriting symbol font `operators' in version `normal'
(Font)                  OT1/cmr/m/n --> TU/MinionMath-Regular.otf(1)/m/n on input line 30.
LaTeX Font Info:    Encoding `OT1' has changed to `TU' for symbol font
(Font)              `operators' in the math version `bold' on input line 30.
LaTeX Font Info:    Overwriting symbol font `operators' in version `bold'
(Font)                  OT1/cmr/bx/n --> TU/MinionMath-Regular.otf(1)/b/n on input line 30.

Package fontspec Info: MinionMath-Regular scale = 1.0001.


Package fontspec Info: MinionMath-Tiny scale = 1.0001.


Package fontspec Info: MinionMath-Capt scale = 1.0001.


Package fontspec Info: MinionMath-Regular scale = 1.0001.


Package fontspec Info: MinionMath-Subh scale = 1.0001.


Package fontspec Info: Font family 'MinionMath-Regular.otf(2)' created for
(fontspec)             font 'MinionMath-Regular.otf' with options
(fontspec)             [BoldItalicFont={},ItalicFont={},SmallCapsFont={},Script=Math,SizeFeatures={{Size=8.6-},{Size=6.2-8.6,Font=MinionMath-Regular.otf,Style=MathScript},{Size=-6.2,Font=MinionMath-Regular.otf,Style=MathScriptScript}},SizeFeatures={
(fontspec)             {Size = -6, Font = MinionMath-Tiny.otf, Style =
(fontspec)             MathScriptScript}, {Size = 6-8.4, Font =
(fontspec)             MinionMath-Capt.otf, Style = MathScript}, {Size =
(fontspec)             8.4-13, Font = MinionMath-Regular, Style = MathScript},
(fontspec)             {Size = 13-, Font = MinionMath-Subh.otf},
(fontspec)             },ScaleAgain=1.0001,FontAdjustment={\fontdimen 8\font
(fontspec)             =6.49pt\relax \fontdimen 9\font =4.57pt\relax
(fontspec)             \fontdimen 10\font =3.82pt\relax \fontdimen 11\font
(fontspec)             =7.35pt\relax \fontdimen 12\font =3.69pt\relax
(fontspec)             \fontdimen 13\font =3.88pt\relax \fontdimen 14\font
(fontspec)             =3.88pt\relax \fontdimen 15\font =3.21pt\relax
(fontspec)             \fontdimen 16\font =2.36pt\relax \fontdimen 17\font
(fontspec)             =2.36pt\relax \fontdimen 18\font =3.21pt\relax
(fontspec)             \fontdimen 19\font =1.0pt\relax \fontdimen 22\font
(fontspec)             =2.55pt\relax \fontdimen 20\font =0pt\relax \fontdimen
(fontspec)             21\font =0pt\relax }].
(fontspec)              
(fontspec)              This font family consists of the following NFSS
(fontspec)             series/shapes:
(fontspec)              
(fontspec)             - 'normal' (m/n) with NFSS spec.:
(fontspec)             <-6>s*[1.0001]"[MinionMath-Tiny.otf]/OT:script=math;language=dflt;+ssty=1;"<6-8.4>s*[1.0001]"[MinionMath-Capt.otf]/OT:script=math;language=dflt;+ssty=0;"<8.4-13>s*[1.0001]"[MinionMath-Regular.otf]/OT:script=math;language=dflt;+ssty=0;"<13->s*[1.0001]"[MinionMath-Subh.otf]/OT:script=math;language=dflt;"
(fontspec)             - 'small caps'  (m/sc) with NFSS spec.: 
(fontspec)             and font adjustment code:
(fontspec)             \fontdimen 8\font =6.49pt\relax \fontdimen 9\font
(fontspec)             =4.57pt\relax \fontdimen 10\font =3.82pt\relax
(fontspec)             \fontdimen 11\font =7.35pt\relax \fontdimen 12\font
(fontspec)             =3.69pt\relax \fontdimen 13\font =3.88pt\relax
(fontspec)             \fontdimen 14\font =3.88pt\relax \fontdimen 15\font
(fontspec)             =3.21pt\relax \fontdimen 16\font =2.36pt\relax
(fontspec)             \fontdimen 17\font =2.36pt\relax \fontdimen 18\font
(fontspec)             =3.21pt\relax \fontdimen 19\font =1.0pt\relax
(fontspec)             \fontdimen 22\font =2.55pt\relax \fontdimen 20\font
(fontspec)             =0pt\relax \fontdimen 21\font =0pt\relax 

LaTeX Font Info:    Encoding `OMS' has changed to `TU' for symbol font
(Font)              `symbols' in the math version `normal' on input line 30.
LaTeX Font Info:    Overwriting symbol font `symbols' in version `normal'
(Font)                  OMS/cmsy/m/n --> TU/MinionMath-Regular.otf(2)/m/n on input line 30.
LaTeX Font Info:    Encoding `OMS' has changed to `TU' for symbol font
(Font)              `symbols' in the math version `bold' on input line 30.
LaTeX Font Info:    Overwriting symbol font `symbols' in version `bold'
(Font)                  OMS/cmsy/b/n --> TU/MinionMath-Regular.otf(2)/b/n on input line 30.

Package fontspec Info: MinionMath-Regular scale = 0.9999.


Package fontspec Info: MinionMath-Tiny scale = 0.9999.


Package fontspec Info: MinionMath-Capt scale = 0.9999.


Package fontspec Info: MinionMath-Regular scale = 0.9999.


Package fontspec Info: MinionMath-Subh scale = 0.9999.


Package fontspec Info: Font family 'MinionMath-Regular.otf(3)' created for
(fontspec)             font 'MinionMath-Regular.otf' with options
(fontspec)             [BoldItalicFont={},ItalicFont={},SmallCapsFont={},Script=Math,SizeFeatures={{Size=8.6-},{Size=6.2-8.6,Font=MinionMath-Regular.otf,Style=MathScript},{Size=-6.2,Font=MinionMath-Regular.otf,Style=MathScriptScript}},SizeFeatures={
(fontspec)             {Size = -6, Font = MinionMath-Tiny.otf, Style =
(fontspec)             MathScriptScript}, {Size = 6-8.4, Font =
(fontspec)             MinionMath-Capt.otf, Style = MathScript}, {Size =
(fontspec)             8.4-13, Font = MinionMath-Regular, Style = MathScript},
(fontspec)             {Size = 13-, Font = MinionMath-Subh.otf},
(fontspec)             },ScaleAgain=0.9999,FontAdjustment={\fontdimen 8\font
(fontspec)             =0.5pt\relax \fontdimen 9\font =1.08pt\relax \fontdimen
(fontspec)             10\font =1.2pt\relax \fontdimen 11\font =2.95pt\relax
(fontspec)             \fontdimen 12\font =6.32pt\relax \fontdimen 13\font
(fontspec)             =0pt\relax }].
(fontspec)              
(fontspec)              This font family consists of the following NFSS
(fontspec)             series/shapes:
(fontspec)              
(fontspec)             - 'normal' (m/n) with NFSS spec.:
(fontspec)             <-6>s*[0.9999]"[MinionMath-Tiny.otf]/OT:script=math;language=dflt;+ssty=1;"<6-8.4>s*[0.9999]"[MinionMath-Capt.otf]/OT:script=math;language=dflt;+ssty=0;"<8.4-13>s*[0.9999]"[MinionMath-Regular.otf]/OT:script=math;language=dflt;+ssty=0;"<13->s*[0.9999]"[MinionMath-Subh.otf]/OT:script=math;language=dflt;"
(fontspec)             - 'small caps'  (m/sc) with NFSS spec.: 
(fontspec)             and font adjustment code:
(fontspec)             \fontdimen 8\font =0.5pt\relax \fontdimen 9\font
(fontspec)             =1.08pt\relax \fontdimen 10\font =1.2pt\relax
(fontspec)             \fontdimen 11\font =2.95pt\relax \fontdimen 12\font
(fontspec)             =6.32pt\relax \fontdimen 13\font =0pt\relax 

LaTeX Font Info:    Encoding `OMX' has changed to `TU' for symbol font
(Font)              `largesymbols' in the math version `normal' on input line 30.
LaTeX Font Info:    Overwriting symbol font `largesymbols' in version `normal'
(Font)                  OMX/cmex/m/n --> TU/MinionMath-Regular.otf(3)/m/n on input line 30.
LaTeX Font Info:    Encoding `OMX' has changed to `TU' for symbol font
(Font)              `largesymbols' in the math version `bold' on input line 30.
LaTeX Font Info:    Overwriting symbol font `largesymbols' in version `bold'
(Font)                  OMX/cmex/m/n --> TU/MinionMath-Regular.otf(3)/b/n on input line 30.
LaTeX Font Info:    Redeclaring math version `bold' on input line 41.

Package fontspec Info: Font family 'MinionMath-Bold.otf(0)' created for font
(fontspec)             'MinionMath-Bold.otf' with options
(fontspec)             [BoldItalicFont={},ItalicFont={},SmallCapsFont={},Script=Math,SizeFeatures={
(fontspec)             {Size = -6, Font = MinionMath-Bold.otf, Style =
(fontspec)             MathScriptScript}, {Size = 6-8.4, Font =
(fontspec)             MinionMath-Bold.otf, Style = MathScript}, {Size =
(fontspec)             8.4-13, Font = MinionMath-Bold, Style = MathScript},
(fontspec)             {Size = 13-, Font = MinionMath-BoldSubh.otf}, }].
(fontspec)              
(fontspec)              This font family consists of the following NFSS
(fontspec)             series/shapes:
(fontspec)              
(fontspec)             - 'normal' (m/n) with NFSS spec.:
(fontspec)             <-6>"[MinionMath-Bold.otf]/OT:script=math;language=dflt;+ssty=1;"<6-8.4>"[MinionMath-Bold.otf]/OT:script=math;language=dflt;+ssty=0;"<8.4-13>"[MinionMath-Bold.otf]/OT:script=math;language=dflt;+ssty=0;"<13->"[MinionMath-BoldSubh.otf]/OT:script=math;language=dflt;"
(fontspec)             - 'small caps'  (m/sc) with NFSS spec.: 


Package fontspec Info: Font family 'MinionMath-Bold.otf(1)' created for font
(fontspec)             'MinionMath-Bold.otf' with options
(fontspec)             [BoldItalicFont={},ItalicFont={},SmallCapsFont={},Script=Math,SizeFeatures={{Size=8.6-},{Size=6.2-8.6,Font=MinionMath-Bold.otf,Style=MathScript},{Size=-6.2,Font=MinionMath-Bold.otf,Style=MathScriptScript}},SizeFeatures={
(fontspec)             {Size = -6, Font = MinionMath-Bold.otf, Style =
(fontspec)             MathScriptScript}, {Size = 6-8.4, Font =
(fontspec)             MinionMath-Bold.otf, Style = MathScript}, {Size =
(fontspec)             8.4-13, Font = MinionMath-Bold, Style = MathScript},
(fontspec)             {Size = 13-, Font = MinionMath-BoldSubh.otf}, }].
(fontspec)              
(fontspec)              This font family consists of the following NFSS
(fontspec)             series/shapes:
(fontspec)              
(fontspec)             - 'normal' (m/n) with NFSS spec.:
(fontspec)             <-6>"[MinionMath-Bold.otf]/OT:script=math;language=dflt;+ssty=1;"<6-8.4>"[MinionMath-Bold.otf]/OT:script=math;language=dflt;+ssty=0;"<8.4-13>"[MinionMath-Bold.otf]/OT:script=math;language=dflt;+ssty=0;"<13->"[MinionMath-BoldSubh.otf]/OT:script=math;language=dflt;"
(fontspec)             - 'small caps'  (m/sc) with NFSS spec.: 

LaTeX Font Info:    Encoding `OT1' has changed to `TU' for symbol font
(Font)              `operators' in the math version `bold' on input line 41.
LaTeX Font Info:    Overwriting symbol font `operators' in version `bold'
(Font)                  OT1/cmr/m/n --> TU/MinionMath-Bold.otf(1)/m/n on input line 41.

Package fontspec Info: MinionMath-Bold scale = 1.0001.


Package fontspec Info: MinionMath-Bold scale = 1.0001.


Package fontspec Info: MinionMath-Bold scale = 1.0001.


Package fontspec Info: MinionMath-Bold scale = 1.0001.


Package fontspec Info: MinionMath-BoldSubh scale = 1.0001.


Package fontspec Info: Font family 'MinionMath-Bold.otf(2)' created for font
(fontspec)             'MinionMath-Bold.otf' with options
(fontspec)             [BoldItalicFont={},ItalicFont={},SmallCapsFont={},Script=Math,SizeFeatures={{Size=8.6-},{Size=6.2-8.6,Font=MinionMath-Bold.otf,Style=MathScript},{Size=-6.2,Font=MinionMath-Bold.otf,Style=MathScriptScript}},SizeFeatures={
(fontspec)             {Size = -6, Font = MinionMath-Bold.otf, Style =
(fontspec)             MathScriptScript}, {Size = 6-8.4, Font =
(fontspec)             MinionMath-Bold.otf, Style = MathScript}, {Size =
(fontspec)             8.4-13, Font = MinionMath-Bold, Style = MathScript},
(fontspec)             {Size = 13-, Font = MinionMath-BoldSubh.otf},
(fontspec)             },ScaleAgain=1.0001,FontAdjustment={\fontdimen 8\font
(fontspec)             =6.36pt\relax \fontdimen 9\font =4.49pt\relax
(fontspec)             \fontdimen 10\font =3.66pt\relax \fontdimen 11\font
(fontspec)             =7.53pt\relax \fontdimen 12\font =3.86pt\relax
(fontspec)             \fontdimen 13\font =3.92pt\relax \fontdimen 14\font
(fontspec)             =3.92pt\relax \fontdimen 15\font =3.2pt\relax
(fontspec)             \fontdimen 16\font =2.31pt\relax \fontdimen 17\font
(fontspec)             =2.31pt\relax \fontdimen 18\font =3.13pt\relax
(fontspec)             \fontdimen 19\font =1.15pt\relax \fontdimen 22\font
(fontspec)             =2.49pt\relax \fontdimen 20\font =0pt\relax \fontdimen
(fontspec)             21\font =0pt\relax }].
(fontspec)              
(fontspec)              This font family consists of the following NFSS
(fontspec)             series/shapes:
(fontspec)              
(fontspec)             - 'normal' (m/n) with NFSS spec.:
(fontspec)             <-6>s*[1.0001]"[MinionMath-Bold.otf]/OT:script=math;language=dflt;+ssty=1;"<6-8.4>s*[1.0001]"[MinionMath-Bold.otf]/OT:script=math;language=dflt;+ssty=0;"<8.4-13>s*[1.0001]"[MinionMath-Bold.otf]/OT:script=math;language=dflt;+ssty=0;"<13->s*[1.0001]"[MinionMath-BoldSubh.otf]/OT:script=math;language=dflt;"
(fontspec)             - 'small caps'  (m/sc) with NFSS spec.: 
(fontspec)             and font adjustment code:
(fontspec)             \fontdimen 8\font =6.36pt\relax \fontdimen 9\font
(fontspec)             =4.49pt\relax \fontdimen 10\font =3.66pt\relax
(fontspec)             \fontdimen 11\font =7.53pt\relax \fontdimen 12\font
(fontspec)             =3.86pt\relax \fontdimen 13\font =3.92pt\relax
(fontspec)             \fontdimen 14\font =3.92pt\relax \fontdimen 15\font
(fontspec)             =3.2pt\relax \fontdimen 16\font =2.31pt\relax
(fontspec)             \fontdimen 17\font =2.31pt\relax \fontdimen 18\font
(fontspec)             =3.13pt\relax \fontdimen 19\font =1.15pt\relax
(fontspec)             \fontdimen 22\font =2.49pt\relax \fontdimen 20\font
(fontspec)             =0pt\relax \fontdimen 21\font =0pt\relax 

LaTeX Font Info:    Encoding `OMS' has changed to `TU' for symbol font
(Font)              `symbols' in the math version `bold' on input line 41.
LaTeX Font Info:    Overwriting symbol font `symbols' in version `bold'
(Font)                  OMS/cmsy/m/n --> TU/MinionMath-Bold.otf(2)/m/n on input line 41.

Package fontspec Info: MinionMath-Bold scale = 0.9999.


Package fontspec Info: MinionMath-Bold scale = 0.9999.


Package fontspec Info: MinionMath-Bold scale = 0.9999.


Package fontspec Info: MinionMath-Bold scale = 0.9999.


Package fontspec Info: MinionMath-BoldSubh scale = 0.9999.


Package fontspec Info: Font family 'MinionMath-Bold.otf(3)' created for font
(fontspec)             'MinionMath-Bold.otf' with options
(fontspec)             [BoldItalicFont={},ItalicFont={},SmallCapsFont={},Script=Math,SizeFeatures={{Size=8.6-},{Size=6.2-8.6,Font=MinionMath-Bold.otf,Style=MathScript},{Size=-6.2,Font=MinionMath-Bold.otf,Style=MathScriptScript}},SizeFeatures={
(fontspec)             {Size = -6, Font = MinionMath-Bold.otf, Style =
(fontspec)             MathScriptScript}, {Size = 6-8.4, Font =
(fontspec)             MinionMath-Bold.otf, Style = MathScript}, {Size =
(fontspec)             8.4-13, Font = MinionMath-Bold, Style = MathScript},
(fontspec)             {Size = 13-, Font = MinionMath-BoldSubh.otf},
(fontspec)             },ScaleAgain=0.9999,FontAdjustment={\fontdimen 8\font
(fontspec)             =0.65pt\relax \fontdimen 9\font =1.08pt\relax
(fontspec)             \fontdimen 10\font =1.2pt\relax \fontdimen 11\font
(fontspec)             =2.85pt\relax \fontdimen 12\font =6.26pt\relax
(fontspec)             \fontdimen 13\font =0pt\relax }].
(fontspec)              
(fontspec)              This font family consists of the following NFSS
(fontspec)             series/shapes:
(fontspec)              
(fontspec)             - 'normal' (m/n) with NFSS spec.:
(fontspec)             <-6>s*[0.9999]"[MinionMath-Bold.otf]/OT:script=math;language=dflt;+ssty=1;"<6-8.4>s*[0.9999]"[MinionMath-Bold.otf]/OT:script=math;language=dflt;+ssty=0;"<8.4-13>s*[0.9999]"[MinionMath-Bold.otf]/OT:script=math;language=dflt;+ssty=0;"<13->s*[0.9999]"[MinionMath-BoldSubh.otf]/OT:script=math;language=dflt;"
(fontspec)             - 'small caps'  (m/sc) with NFSS spec.: 
(fontspec)             and font adjustment code:
(fontspec)             \fontdimen 8\font =0.65pt\relax \fontdimen 9\font
(fontspec)             =1.08pt\relax \fontdimen 10\font =1.2pt\relax
(fontspec)             \fontdimen 11\font =2.85pt\relax \fontdimen 12\font
(fontspec)             =6.26pt\relax \fontdimen 13\font =0pt\relax 

LaTeX Font Info:    Encoding `OMX' has changed to `TU' for symbol font
(Font)              `largesymbols' in the math version `bold' on input line 41.
LaTeX Font Info:    Overwriting symbol font `largesymbols' in version `bold'
(Font)                  OMX/cmex/m/n --> TU/MinionMath-Bold.otf(3)/m/n on input line 41.

Package fontspec Info: Garamond-Math scale = 0.9833790480580847.


Package fontspec Info: Garamond-Math scale = 0.9833790480580847.


Package fontspec Info: Garamond-Math scale = 0.9833790480580847.


Package fontspec Info: Garamond-Math scale = 0.9833790480580847.


Package fontspec Info: Font family 'Garamond-Math.otf(0)' created for font
(fontspec)             'Garamond-Math.otf' with options
(fontspec)             [BoldItalicFont={},ItalicFont={},SmallCapsFont={},Script=Math,SizeFeatures={{Size=8.6-},{Size=6.2-8.6,Font=Garamond-Math.otf,Style=MathScript},{Size=-6.2,Font=Garamond-Math.otf,Style=MathScriptScript}},Scale={MatchUppercase}].
(fontspec)              
(fontspec)              This font family consists of the following NFSS
(fontspec)             series/shapes:
(fontspec)              
(fontspec)             - 'normal' (m/n) with NFSS spec.:
(fontspec)             <8.6->s*[0.9833790480580847]"[Garamond-Math.otf]/OT:script=math;language=dflt;"<6.2-8.6>s*[0.9833790480580847]"[Garamond-Math.otf]/OT:script=math;language=dflt;+ssty=0;"<-6.2>s*[0.9833790480580847]"[Garamond-Math.otf]/OT:script=math;language=dflt;+ssty=1;"
(fontspec)             - 'small caps'  (m/sc) with NFSS spec.: 

LaTeX Font Info:    Font shape `TU/Garamond-Math.otf(0)/m/n' will be
(Font)              scaled to size 9.83383pt on input line 50.
\sym__um_fam1=\mathgroup4
LaTeX Font Info:    Overwriting symbol font `__um_fam1' in version `normal'
(Font)                  TU/Garamond-Math.otf(0)/m/n --> TU/Garamond-Math.otf(0)/m/n on input line 50.
LaTeX Font Info:    Overwriting symbol font `__um_fam1' in version `bold'
(Font)                  TU/Garamond-Math.otf(0)/m/n --> TU/Garamond-Math.otf(0)/b/n on input line 50.

Package fontspec Info: Font family 'Garamond-Math.otf(1)' created for font
(fontspec)             'Garamond-Math.otf' with options
(fontspec)             [BoldItalicFont={},ItalicFont={},SmallCapsFont={},Script=Math,SizeFeatures={{Size=8.6-},{Size=6.2-8.6,Font=Garamond-Math.otf,Style=MathScript},{Size=-6.2,Font=Garamond-Math.otf,Style=MathScriptScript}}].
(fontspec)              
(fontspec)              This font family consists of the following NFSS
(fontspec)             series/shapes:
(fontspec)              
(fontspec)             - 'normal' (m/n) with NFSS spec.:
(fontspec)             <8.6->"[Garamond-Math.otf]/OT:script=math;language=dflt;"<6.2-8.6>"[Garamond-Math.otf]/OT:script=math;language=dflt;+ssty=0;"<-6.2>"[Garamond-Math.otf]/OT:script=math;language=dflt;+ssty=1;"
(fontspec)             - 'small caps'  (m/sc) with NFSS spec.: 

\sym__um_fam2=\mathgroup5
LaTeX Font Info:    Overwriting symbol font `__um_fam2' in version `normal'
(Font)                  TU/Garamond-Math.otf(1)/m/n --> TU/Garamond-Math.otf(1)/m/n on input line 52.
LaTeX Font Info:    Overwriting symbol font `__um_fam2' in version `bold'
(Font)                  TU/Garamond-Math.otf(1)/m/n --> TU/Garamond-Math.otf(1)/b/n on input line 52.
\sym__um_fam3=\mathgroup6
LaTeX Font Info:    Overwriting symbol font `__um_fam3' in version `normal'
(Font)                  TU/Garamond-Math.otf(1)/m/n --> TU/Garamond-Math.otf(1)/m/n on input line 53.
LaTeX Font Info:    Overwriting symbol font `__um_fam3' in version `bold'
(Font)                  TU/Garamond-Math.otf(1)/m/n --> TU/Garamond-Math.otf(1)/b/n on input line 53.

Package fontspec Info: Font family 'Garamond-Math.otf(2)' created for font
(fontspec)             'Garamond-Math.otf' with options
(fontspec)             [BoldItalicFont={},ItalicFont={},SmallCapsFont={},Script=Math,SizeFeatures={{Size=8.6-},{Size=6.2-8.6,Font=Garamond-Math.otf,Style=MathScript},{Size=-6.2,Font=Garamond-Math.otf,Style=MathScriptScript}},StylisticSet={7,9}].
(fontspec)              
(fontspec)              This font family consists of the following NFSS
(fontspec)             series/shapes:
(fontspec)              
(fontspec)             - 'normal' (m/n) with NFSS spec.:
(fontspec)             <8.6->"[Garamond-Math.otf]/OT:script=math;language=dflt;+ss07;+ss09;"<6.2-8.6>"[Garamond-Math.otf]/OT:script=math;language=dflt;+ss07;+ss09;+ssty=0;"<-6.2>"[Garamond-Math.otf]/OT:script=math;language=dflt;+ss07;+ss09;+ssty=1;"
(fontspec)             - 'small caps'  (m/sc) with NFSS spec.: 

\sym__um_fam4=\mathgroup7
LaTeX Font Info:    Overwriting symbol font `__um_fam4' in version `normal'
(Font)                  TU/Garamond-Math.otf(2)/m/n --> TU/Garamond-Math.otf(2)/m/n on input line 54.
LaTeX Font Info:    Overwriting symbol font `__um_fam4' in version `bold'
(Font)                  TU/Garamond-Math.otf(2)/m/n --> TU/Garamond-Math.otf(2)/b/n on input line 54.

Package fontspec Info: Could not resolve font "NewComputerModernMath/B" (it
(fontspec)             probably doesn't exist).


Package fontspec Info: Font family 'NewComputerModernMath(0)' created for font
(fontspec)             'NewComputerModernMath' with options
(fontspec)             [BoldItalicFont={},ItalicFont={},SmallCapsFont={},Script=Math,SizeFeatures={{Size=8.6-},{Size=6.2-8.6,Font=NewComputerModernMath,Style=MathScript},{Size=-6.2,Font=NewComputerModernMath,Style=MathScriptScript}}].
(fontspec)              
(fontspec)              This font family consists of the following NFSS
(fontspec)             series/shapes:
(fontspec)              
(fontspec)             - 'normal' (m/n) with NFSS spec.:
(fontspec)             <8.6->"NewComputerModernMath/OT:script=math;language=dflt;"<6.2-8.6>"NewComputerModernMath/OT:script=math;language=dflt;+ssty=0;"<-6.2>"NewComputerModernMath/OT:script=math;language=dflt;+ssty=1;"
(fontspec)             - 'small caps'  (m/sc) with NFSS spec.: 

\sym__um_fam5=\mathgroup8
LaTeX Font Info:    Overwriting symbol font `__um_fam5' in version `normal'
(Font)                  TU/NewComputerModernMath(0)/m/n --> TU/NewComputerModernMath(0)/m/n on input line 55.
LaTeX Font Info:    Overwriting symbol font `__um_fam5' in version `bold'
(Font)                  TU/NewComputerModernMath(0)/m/n --> TU/NewComputerModernMath(0)/b/n on input line 55.

Package fontspec Info: Font family 'MinionMath-Regular.otf(4)' created for
(fontspec)             font 'MinionMath-Regular.otf' with options
(fontspec)             [BoldItalicFont={},ItalicFont={},SmallCapsFont={},Script=Math,SizeFeatures={{Size=8.6-},{Size=6.2-8.6,Font=MinionMath-Regular.otf,Style=MathScript},{Size=-6.2,Font=MinionMath-Regular.otf,Style=MathScriptScript}}].
(fontspec)              
(fontspec)              This font family consists of the following NFSS
(fontspec)             series/shapes:
(fontspec)              
(fontspec)             - 'normal' (m/n) with NFSS spec.:
(fontspec)             <8.6->"[MinionMath-Regular.otf]/OT:script=math;language=dflt;"<6.2-8.6>"[MinionMath-Regular.otf]/OT:script=math;language=dflt;+ssty=0;"<-6.2>"[MinionMath-Regular.otf]/OT:script=math;language=dflt;+ssty=1;"
(fontspec)             - 'small caps'  (m/sc) with NFSS spec.: 

\sym__um_fam6=\mathgroup9
LaTeX Font Info:    Overwriting symbol font `__um_fam6' in version `normal'
(Font)                  TU/MinionMath-Regular.otf(4)/m/n --> TU/MinionMath-Regular.otf(4)/m/n on input line 57.
LaTeX Font Info:    Overwriting symbol font `__um_fam6' in version `bold'
(Font)                  TU/MinionMath-Regular.otf(4)/m/n --> TU/MinionMath-Regular.otf(4)/b/n on input line 57.

Package fontspec Info: Font family '.TTF(0)' created for font '.TTF'
(fontspec)             with options
(fontspec)             [Script={CJK},BoldFont={_GBK},ItalicFont={STKAITI.TTF}].
(fontspec)              
(fontspec)              This font family consists of the following NFSS
(fontspec)             series/shapes:
(fontspec)              
(fontspec)             - 'normal' (m/n) with NFSS spec.:
(fontspec)             <->"[.TTF]/OT:script=hani;language=dflt;"
(fontspec)             - 'small caps'  (m/sc) with NFSS spec.: 
(fontspec)             - 'bold' (b/n) with NFSS spec.:
(fontspec)             <->"[_GBK.TTF]/OT:script=hani;language=dflt;"
(fontspec)             - 'bold small caps'  (b/sc) with NFSS spec.: 
(fontspec)             - 'italic' (m/it) with NFSS spec.:
(fontspec)             <->"[STKAITI.TTF]/OT:script=hani;language=dflt;"
(fontspec)             - 'italic small caps'  (m/scit) with NFSS spec.: 


Package fontspec Info: Font family '--.ttf(0)' created for font
(fontspec)             '--.ttf' with options [Ligatures=TeX,BoldFont =
(fontspec)             --.ttf].
(fontspec)              
(fontspec)              This font family consists of the following NFSS
(fontspec)             series/shapes:
(fontspec)              
(fontspec)             - 'normal' (m/n) with NFSS spec.:
(fontspec)             <->"[--.ttf]/OT:script=latn;language=dflt;mapping=tex-text;"
(fontspec)             - 'small caps'  (m/sc) with NFSS spec.: 
(fontspec)             - 'bold' (b/n) with NFSS spec.:
(fontspec)             <->"[--.ttf]/OT:script=latn;language=dflt;mapping=tex-text;"
(fontspec)             - 'bold small caps'  (b/sc) with NFSS spec.: 


Package fontspec Info: Font family '--.ttf(1)' created for font
(fontspec)             '--.ttf' with options [BoldFont = --.ttf].
(fontspec)              
(fontspec)              This font family consists of the following NFSS
(fontspec)             series/shapes:
(fontspec)              
(fontspec)             - 'normal' (m/n) with NFSS spec.:
(fontspec)             <->"[--.ttf]/OT:script=latn;language=dflt;"
(fontspec)             - 'small caps'  (m/sc) with NFSS spec.: 
(fontspec)             - 'bold' (b/n) with NFSS spec.:
(fontspec)             <->"[--.ttf]/OT:script=latn;language=dflt;"
(fontspec)             - 'bold small caps'  (b/sc) with NFSS spec.: 

LaTeX Font Info:    Overwriting math alphabet `\mathsf' in version `normal'
(Font)                  OT1/cmss/m/n --> TU/--.ttf(1)/m/n on input line 67.
LaTeX Font Info:    Overwriting math alphabet `\mathsf' in version `bold'
(Font)                  OT1/cmss/m/n --> TU/--.ttf(1)/b/n on input line 67.
)

LaTeX Warning: Unused global option(s):
    [options].

(./main.aux)
\openout1 = `main.aux'.

LaTeX Font Info:    Checking defaults for OML/cmm/m/it on input line 14.
LaTeX Font Info:    ... okay on input line 14.
LaTeX Font Info:    Checking defaults for OMS/cmsy/m/n on input line 14.
LaTeX Font Info:    ... okay on input line 14.
LaTeX Font Info:    Checking defaults for OT1/cmr/m/n on input line 14.
LaTeX Font Info:    ... okay on input line 14.
LaTeX Font Info:    Checking defaults for T1/cmr/m/n on input line 14.
LaTeX Font Info:    ... okay on input line 14.
LaTeX Font Info:    Checking defaults for TS1/cmr/m/n on input line 14.
LaTeX Font Info:    ... okay on input line 14.
LaTeX Font Info:    Checking defaults for TU/lmr/m/n on input line 14.
LaTeX Font Info:    ... okay on input line 14.
LaTeX Font Info:    Checking defaults for OMX/cmex/m/n on input line 14.
LaTeX Font Info:    ... okay on input line 14.
LaTeX Font Info:    Checking defaults for U/cmr/m/n on input line 14.
LaTeX Font Info:    ... okay on input line 14.

*geometry* driver: auto-detecting
*geometry* detected driver: xetex
*geometry* verbose mode - [ preamble ] result:
* driver: xetex
* paper: <default>
* layout: <same size as paper>
* layoutoffset:(h,v)=(0.0pt,0.0pt)
* modes: 
* h-part:(L,W,R)=(56.9055pt, 500.484pt, 56.9055pt)
* v-part:(T,H,B)=(95.39737pt, 556.47656pt, 143.09605pt)
* \paperwidth=614.295pt
* \paperheight=794.96999pt
* \textwidth=500.484pt
* \textheight=556.47656pt
* \oddsidemargin=-15.36449pt
* \evensidemargin=-15.36449pt
* \topmargin=-13.87262pt
* \headheight=12.0pt
* \headsep=25.0pt
* \topskip=10.0pt
* \footskip=30.0pt
* \marginparwidth=65.0pt
* \marginparsep=11.0pt
* \columnsep=10.0pt
* \skip\footins=9.0pt plus 4.0pt minus 2.0pt
* \hoffset=0.0pt
* \voffset=0.0pt
* \mag=1000
* \@twocolumnfalse
* \@twosidefalse
* \@mparswitchfalse
* \@reversemarginfalse
* (1in=72.27pt=25.4mm, 1cm=28.453pt)

LaTeX Font Info:    Overwriting math alphabet `\mathtt' in version `normal'
(Font)                  OT1/cmtt/m/n --> TU/lmtt/m/n on input line 14.
LaTeX Font Info:    Overwriting math alphabet `\mathtt' in version `bold'
(Font)                  OT1/cmtt/m/n --> TU/lmtt/b/n on input line 14.
LaTeX Info: Redefining \d on input line 14.
LaTeX Info: Redefining \partial on input line 14.
*geometry* verbose mode - [ newgeometry ] result:
* driver: xetex
* paper: <default>
* layout: <same size as paper>
* layoutoffset:(h,v)=(0.0pt,0.0pt)
* modes: 
* h-part:(L,W,R)=(85.35826pt, 443.57848pt, 85.35826pt)
* v-part:(T,H,B)=(95.39737pt, 556.47656pt, 143.09605pt)
* \paperwidth=614.295pt
* \paperheight=794.96999pt
* \textwidth=443.57848pt
* \textheight=556.47656pt
* \oddsidemargin=13.08827pt
* \evensidemargin=13.08827pt
* \topmargin=-13.87262pt
* \headheight=12.0pt
* \headsep=25.0pt
* \topskip=10.0pt
* \footskip=30.0pt
* \marginparwidth=65.0pt
* \marginparsep=11.0pt
* \columnsep=10.0pt
* \skip\footins=9.0pt plus 4.0pt minus 2.0pt
* \hoffset=0.0pt
* \voffset=0.0pt
* \mag=1000
* \@twocolumnfalse
* \@twosidefalse
* \@mparswitchfalse
* \@reversemarginfalse
* (1in=72.27pt=25.4mm, 1cm=28.453pt)

LaTeX Font Info:    Font shape `TU/MinionMath-Regular.otf(2)/m/n' will be
(Font)              scaled to size 10.00107pt on input line 32.
LaTeX Font Info:    Font shape `TU/MinionMath-Regular.otf(2)/m/n' will be
(Font)              scaled to size 7.20076pt on input line 32.
LaTeX Font Info:    Font shape `TU/MinionMath-Regular.otf(2)/m/n' will be
(Font)              scaled to size 5.20055pt on input line 32.
LaTeX Font Info:    Font shape `TU/MinionMath-Regular.otf(3)/m/n' will be
(Font)              scaled to size 9.99893pt on input line 32.
LaTeX Font Info:    Font shape `TU/MinionMath-Regular.otf(3)/m/n' will be
(Font)              scaled to size 7.19922pt on input line 32.
LaTeX Font Info:    Font shape `TU/MinionMath-Regular.otf(3)/m/n' will be
(Font)              scaled to size 5.19943pt on input line 32.
LaTeX Font Info:    Font shape `TU/Garamond-Math.otf(0)/m/n' will be
(Font)              scaled to size 7.08035pt on input line 32.
LaTeX Font Info:    Font shape `TU/Garamond-Math.otf(0)/m/n' will be
(Font)              scaled to size 5.11359pt on input line 32.
[1


] [2] [3] [4] [5]
LaTeX Font Info:    Font shape `TU/MinionMath-Regular.otf(2)/m/n' will be
(Font)              scaled to size 8.00085pt on input line 290.
LaTeX Font Info:    Font shape `TU/MinionMath-Regular.otf(2)/m/n' will be
(Font)              scaled to size 6.00064pt on input line 290.
LaTeX Font Info:    Font shape `TU/MinionMath-Regular.otf(2)/m/n' will be
(Font)              scaled to size 5.00053pt on input line 290.
LaTeX Font Info:    Font shape `TU/MinionMath-Regular.otf(3)/m/n' will be
(Font)              scaled to size 7.99915pt on input line 290.
LaTeX Font Info:    Font shape `TU/MinionMath-Regular.otf(3)/m/n' will be
(Font)              scaled to size 5.99936pt on input line 290.
LaTeX Font Info:    Font shape `TU/MinionMath-Regular.otf(3)/m/n' will be
(Font)              scaled to size 4.99947pt on input line 290.
LaTeX Font Info:    Font shape `TU/Garamond-Math.otf(0)/m/n' will be
(Font)              scaled to size 7.86707pt on input line 290.
LaTeX Font Info:    Font shape `TU/Garamond-Math.otf(0)/m/n' will be
(Font)              scaled to size 5.9003pt on input line 290.
LaTeX Font Info:    Font shape `TU/Garamond-Math.otf(0)/m/n' will be
(Font)              scaled to size 4.91692pt on input line 290.
 [6] [7]
*geometry* verbose mode - [ newgeometry ] result:
* driver: xetex
* paper: <default>
* layout: <same size as paper>
* layoutoffset:(h,v)=(0.0pt,0.0pt)
* modes: 
* h-part:(L,W,R)=(22.76228pt, 568.77043pt, 22.76228pt)
* v-part:(T,H,B)=(95.39737pt, 556.47656pt, 143.09605pt)
* \paperwidth=614.295pt
* \paperheight=794.96999pt
* \textwidth=568.77043pt
* \textheight=556.47656pt
* \oddsidemargin=-49.5077pt
* \evensidemargin=-49.5077pt
* \topmargin=-13.87262pt
* \headheight=12.0pt
* \headsep=25.0pt
* \topskip=10.0pt
* \footskip=30.0pt
* \marginparwidth=65.0pt
* \marginparsep=11.0pt
* \columnsep=10.0pt
* \skip\footins=9.0pt plus 4.0pt minus 2.0pt
* \hoffset=0.0pt
* \voffset=0.0pt
* \mag=1000
* \@twocolumnfalse
* \@twosidefalse
* \@mparswitchfalse
* \@reversemarginfalse
* (1in=72.27pt=25.4mm, 1cm=28.453pt)


Overfull \hbox (5.4097pt too wide) in paragraph at lines 356--357
[]\TU/.TTF(0)/m/n/10   \TU/MinionPro(1)/m/n/10 , $[]$ \TU/.TTF(0)/m/n/10        \TU/MinionPro(1)/m/n/10 , $[]$ \TU/.TTF(0)/m/n/10   $[]$     \TU/MinionPro(1)/m/n/10 . Schnare[3]
 []

[8

]
LaTeX Font Info:    Calculating math sizes for size <7.2> on input line 385.
LaTeX Font Info:    Font shape `TU/MinionMath-Regular.otf(2)/m/n' will be
(Font)              scaled to size 5.0405pt on input line 385.
LaTeX Font Info:    Font shape `TU/MinionMath-Regular.otf(2)/m/n' will be
(Font)              scaled to size 3.60037pt on input line 385.
LaTeX Font Info:    Font shape `TU/MinionMath-Regular.otf(3)/m/n' will be
(Font)              scaled to size 5.03941pt on input line 385.
LaTeX Font Info:    Font shape `TU/MinionMath-Regular.otf(3)/m/n' will be
(Font)              scaled to size 3.5996pt on input line 385.
LaTeX Font Info:    Font shape `TU/Garamond-Math.otf(0)/m/n' will be
(Font)              scaled to size 4.9562pt on input line 385.
LaTeX Font Info:    Font shape `TU/Garamond-Math.otf(0)/m/n' will be
(Font)              scaled to size 3.54016pt on input line 385.

Overfull \hbox (0.23692pt too wide) in paragraph at lines 404--411
\TU/MinionPro(1)/m/n/10 at $[]$. However, b-compact certainly implies m-compact in $[][]$-spaces.
 []


Overfull \hbox (12.24306pt too wide) in paragraph at lines 432--433
[]\TU/.TTF(0)/m/n/10  \TU/MinionPro(1)/m/n/10 , \TU/.TTF(0)/m/n/10      \TU/MinionPro(1)/m/n/10 , b-compact \TU/.TTF(0)/m/n/10      \TU/MinionPro(1)/m/n/10 m-compact. Gross[4]
 []

[9] [10] [11] (./main.aux) ) 
Here is how much of TeX's memory you used:
 23525 strings out of 476683
 544660 string characters out of 5801401
 1906012 words of memory out of 5000000
 43343 multiletter control sequences out of 15000+600000
 520750 words of font info for 165 fonts, out of 8000000 for 9000
 1348 hyphenation exceptions out of 8191
 114i,16n,122p,1106b,2768s stack positions out of 10000i,1000n,20000p,200000b,200000s

Output written on main.pdf (11 pages).
